<?xml version="1.0" encoding="UTF-8"?>
<!-- Generated by org.testng.reporters.JUnitReportReporter -->
<testsuite hostname="CTSNJY30731" name="testscripts.scenario2.TC4" tests="1" failures="0" timestamp="6 Aug 2014 21:34:24 GMT" time="44.985" errors="0">
  <testcase name="runTC4" time="44.985" classname="testscripts.scenario2.TC4"/>
</testsuite> <!-- testscripts.scenario2.TC4 -->
