<?xml version="1.0" encoding="UTF-8"?>
<!-- Generated by org.testng.reporters.JUnitReportReporter -->
<testsuite hostname="CTSNJY30731" name="testscripts.scenario1.TC2" tests="1" failures="0" timestamp="16 Aug 2014 00:26:03 GMT" time="11.192" errors="0">
  <testcase name="runTC2" time="11.192" classname="testscripts.scenario1.TC2"/>
</testsuite> <!-- testscripts.scenario1.TC2 -->
